{"/Users/dylanlamont/Developer/strength-log/packages/decimal-input/src/index.ts": {"path":"/Users/dylanlamont/Developer/strength-log/packages/decimal-input/src/index.ts","all":false,"statementMap":{"0":{"start":{"line":1,"column":0},"end":{"line":1,"column":69}},"1":{"start":{"line":2,"column":0},"end":{"line":2,"column":60}},"2":{"start":{"line":3,"column":0},"end":{"line":3,"column":0}},"3":{"start":{"line":4,"column":0},"end":{"line":4,"column":56}},"4":{"start":{"line":5,"column":0},"end":{"line":5,"column":5}},"5":{"start":{"line":6,"column":0},"end":{"line":6,"column":19}},"6":{"start":{"line":7,"column":0},"end":{"line":7,"column":20}},"7":{"start":{"line":8,"column":0},"end":{"line":8,"column":18}},"8":{"start":{"line":9,"column":0},"end":{"line":9,"column":5}},"9":{"start":{"line":10,"column":0},"end":{"line":10,"column":5}},"10":{"start":{"line":11,"column":0},"end":{"line":11,"column":23}},"11":{"start":{"line":12,"column":0},"end":{"line":12,"column":23}},"12":{"start":{"line":13,"column":0},"end":{"line":13,"column":19}},"13":{"start":{"line":14,"column":0},"end":{"line":14,"column":6}},"14":{"start":{"line":15,"column":0},"end":{"line":15,"column":0}},"15":{"start":{"line":16,"column":0},"end":{"line":16,"column":70}},"16":{"start":{"line":17,"column":0},"end":{"line":17,"column":0}},"17":{"start":{"line":18,"column":0},"end":{"line":18,"column":78}},"18":{"start":{"line":19,"column":0},"end":{"line":19,"column":16}},"19":{"start":{"line":20,"column":0},"end":{"line":20,"column":20}},"20":{"start":{"line":21,"column":0},"end":{"line":21,"column":22}},"21":{"start":{"line":22,"column":0},"end":{"line":22,"column":34}},"22":{"start":{"line":23,"column":0},"end":{"line":23,"column":30}},"23":{"start":{"line":24,"column":0},"end":{"line":24,"column":0}},"24":{"start":{"line":25,"column":0},"end":{"line":25,"column":15}},"25":{"start":{"line":26,"column":0},"end":{"line":26,"column":75}},"26":{"start":{"line":27,"column":0},"end":{"line":27,"column":0}},"27":{"start":{"line":28,"column":0},"end":{"line":28,"column":14}},"28":{"start":{"line":29,"column":0},"end":{"line":29,"column":45}},"29":{"start":{"line":30,"column":0},"end":{"line":30,"column":59}},"30":{"start":{"line":31,"column":0},"end":{"line":31,"column":1}},"31":{"start":{"line":32,"column":0},"end":{"line":32,"column":0}},"32":{"start":{"line":33,"column":0},"end":{"line":33,"column":80}},"33":{"start":{"line":34,"column":0},"end":{"line":34,"column":17}},"34":{"start":{"line":35,"column":0},"end":{"line":35,"column":20}},"35":{"start":{"line":36,"column":0},"end":{"line":36,"column":20}},"36":{"start":{"line":37,"column":0},"end":{"line":37,"column":34}},"37":{"start":{"line":38,"column":0},"end":{"line":38,"column":17}},"38":{"start":{"line":39,"column":0},"end":{"line":39,"column":3}},"39":{"start":{"line":40,"column":0},"end":{"line":40,"column":0}},"40":{"start":{"line":41,"column":0},"end":{"line":41,"column":70}},"41":{"start":{"line":42,"column":0},"end":{"line":42,"column":70}},"42":{"start":{"line":43,"column":0},"end":{"line":43,"column":28}},"43":{"start":{"line":44,"column":0},"end":{"line":44,"column":36}},"44":{"start":{"line":45,"column":0},"end":{"line":45,"column":12}},"45":{"start":{"line":46,"column":0},"end":{"line":46,"column":57}},"46":{"start":{"line":47,"column":0},"end":{"line":47,"column":0}},"47":{"start":{"line":48,"column":0},"end":{"line":48,"column":10}},"48":{"start":{"line":49,"column":0},"end":{"line":49,"column":75}},"49":{"start":{"line":50,"column":0},"end":{"line":50,"column":4}},"50":{"start":{"line":51,"column":0},"end":{"line":51,"column":1}},"51":{"start":{"line":52,"column":0},"end":{"line":52,"column":0}},"52":{"start":{"line":53,"column":0},"end":{"line":53,"column":72}},"53":{"start":{"line":54,"column":0},"end":{"line":54,"column":30}},"54":{"start":{"line":55,"column":0},"end":{"line":55,"column":0}},"55":{"start":{"line":56,"column":0},"end":{"line":56,"column":10}},"56":{"start":{"line":57,"column":0},"end":{"line":57,"column":27}},"57":{"start":{"line":58,"column":0},"end":{"line":58,"column":31}},"58":{"start":{"line":59,"column":0},"end":{"line":59,"column":30}},"59":{"start":{"line":60,"column":0},"end":{"line":60,"column":44}},"60":{"start":{"line":61,"column":0},"end":{"line":61,"column":50}},"61":{"start":{"line":62,"column":0},"end":{"line":62,"column":4}},"62":{"start":{"line":63,"column":0},"end":{"line":63,"column":1}},"63":{"start":{"line":64,"column":0},"end":{"line":64,"column":0}},"64":{"start":{"line":65,"column":0},"end":{"line":65,"column":44}},"65":{"start":{"line":66,"column":0},"end":{"line":66,"column":28}},"66":{"start":{"line":67,"column":0},"end":{"line":67,"column":0}},"67":{"start":{"line":68,"column":0},"end":{"line":68,"column":51}},"68":{"start":{"line":69,"column":0},"end":{"line":69,"column":0}},"69":{"start":{"line":70,"column":0},"end":{"line":70,"column":24}},"70":{"start":{"line":71,"column":0},"end":{"line":71,"column":33}},"71":{"start":{"line":72,"column":0},"end":{"line":72,"column":28}},"72":{"start":{"line":73,"column":0},"end":{"line":73,"column":35}},"73":{"start":{"line":74,"column":0},"end":{"line":74,"column":33}},"74":{"start":{"line":75,"column":0},"end":{"line":75,"column":37}},"75":{"start":{"line":76,"column":0},"end":{"line":76,"column":7}},"76":{"start":{"line":77,"column":0},"end":{"line":77,"column":5}},"77":{"start":{"line":78,"column":0},"end":{"line":78,"column":3}},"78":{"start":{"line":79,"column":0},"end":{"line":79,"column":0}},"79":{"start":{"line":80,"column":0},"end":{"line":80,"column":16}},"80":{"start":{"line":81,"column":0},"end":{"line":81,"column":0}},"81":{"start":{"line":82,"column":0},"end":{"line":82,"column":39}},"82":{"start":{"line":83,"column":0},"end":{"line":83,"column":12}},"83":{"start":{"line":84,"column":0},"end":{"line":84,"column":79}},"84":{"start":{"line":85,"column":0},"end":{"line":85,"column":6}},"85":{"start":{"line":86,"column":0},"end":{"line":86,"column":3}},"86":{"start":{"line":87,"column":0},"end":{"line":87,"column":1}},"87":{"start":{"line":88,"column":0},"end":{"line":88,"column":0}},"88":{"start":{"line":89,"column":0},"end":{"line":89,"column":67}},"89":{"start":{"line":90,"column":0},"end":{"line":90,"column":79}},"90":{"start":{"line":91,"column":0},"end":{"line":91,"column":0}},"91":{"start":{"line":92,"column":0},"end":{"line":92,"column":40}},"92":{"start":{"line":93,"column":0},"end":{"line":93,"column":42}},"93":{"start":{"line":94,"column":0},"end":{"line":94,"column":3}},"94":{"start":{"line":95,"column":0},"end":{"line":95,"column":1}},"95":{"start":{"line":96,"column":0},"end":{"line":96,"column":0}},"96":{"start":{"line":97,"column":0},"end":{"line":97,"column":95}},"97":{"start":{"line":98,"column":0},"end":{"line":98,"column":31}},"98":{"start":{"line":99,"column":0},"end":{"line":99,"column":25}},"99":{"start":{"line":100,"column":0},"end":{"line":100,"column":17}},"100":{"start":{"line":101,"column":0},"end":{"line":101,"column":12}},"101":{"start":{"line":102,"column":0},"end":{"line":102,"column":52}},"102":{"start":{"line":103,"column":0},"end":{"line":103,"column":0}},"103":{"start":{"line":104,"column":0},"end":{"line":104,"column":57}},"104":{"start":{"line":105,"column":0},"end":{"line":105,"column":33}},"105":{"start":{"line":106,"column":0},"end":{"line":106,"column":11}},"106":{"start":{"line":107,"column":0},"end":{"line":107,"column":1}},"107":{"start":{"line":108,"column":0},"end":{"line":108,"column":0}},"108":{"start":{"line":109,"column":0},"end":{"line":109,"column":31}},"109":{"start":{"line":110,"column":0},"end":{"line":110,"column":56}},"110":{"start":{"line":111,"column":0},"end":{"line":111,"column":37}}},"s":{"0":1,"1":1,"2":1,"3":1,"4":1,"5":1,"6":1,"7":1,"8":1,"9":1,"10":1,"11":1,"12":1,"13":1,"14":1,"15":1,"16":1,"17":22,"18":22,"19":22,"20":22,"21":22,"22":22,"23":22,"24":22,"25":22,"26":22,"27":22,"28":14,"29":8,"30":22,"31":1,"32":17,"33":17,"34":17,"35":17,"36":17,"37":0,"38":0,"39":17,"40":17,"41":17,"42":17,"43":17,"44":0,"45":17,"46":17,"47":17,"48":17,"49":17,"50":17,"51":1,"52":22,"53":22,"54":22,"55":22,"56":22,"57":22,"58":20,"59":20,"60":20,"61":22,"62":22,"63":1,"64":22,"65":22,"66":22,"67":22,"68":22,"69":22,"70":21,"71":3,"72":21,"73":0,"74":0,"75":0,"76":0,"77":21,"78":22,"79":22,"80":22,"81":22,"82":18,"83":18,"84":18,"85":18,"86":22,"87":1,"88":36,"89":36,"90":36,"91":36,"92":36,"93":36,"94":36,"95":1,"96":1,"97":37,"98":37,"99":37,"100":37,"101":37,"102":37,"103":37,"104":18,"105":19,"106":37,"107":1,"108":1,"109":1,"110":1},"branchMap":{"0":{"type":"branch","line":18,"loc":{"start":{"line":18,"column":0},"end":{"line":31,"column":1}},"locations":[{"start":{"line":18,"column":0},"end":{"line":31,"column":1}}]},"1":{"type":"branch","line":26,"loc":{"start":{"line":26,"column":43},"end":{"line":26,"column":75}},"locations":[{"start":{"line":26,"column":43},"end":{"line":26,"column":75}}]},"2":{"type":"branch","line":28,"loc":{"start":{"line":28,"column":9},"end":{"line":29,"column":45}},"locations":[{"start":{"line":28,"column":9},"end":{"line":29,"column":45}}]},"3":{"type":"branch","line":29,"loc":{"start":{"line":29,"column":44},"end":{"line":30,"column":59}},"locations":[{"start":{"line":29,"column":44},"end":{"line":30,"column":59}}]},"4":{"type":"branch","line":33,"loc":{"start":{"line":33,"column":0},"end":{"line":51,"column":1}},"locations":[{"start":{"line":33,"column":0},"end":{"line":51,"column":1}}]},"5":{"type":"branch","line":37,"loc":{"start":{"line":37,"column":33},"end":{"line":39,"column":3}},"locations":[{"start":{"line":37,"column":33},"end":{"line":39,"column":3}}]},"6":{"type":"branch","line":41,"loc":{"start":{"line":41,"column":33},"end":{"line":41,"column":52}},"locations":[{"start":{"line":41,"column":33},"end":{"line":41,"column":52}}]},"7":{"type":"branch","line":41,"loc":{"start":{"line":41,"column":45},"end":{"line":41,"column":70}},"locations":[{"start":{"line":41,"column":45},"end":{"line":41,"column":70}}]},"8":{"type":"branch","line":42,"loc":{"start":{"line":42,"column":33},"end":{"line":42,"column":52}},"locations":[{"start":{"line":42,"column":33},"end":{"line":42,"column":52}}]},"9":{"type":"branch","line":42,"loc":{"start":{"line":42,"column":45},"end":{"line":42,"column":70}},"locations":[{"start":{"line":42,"column":45},"end":{"line":42,"column":70}}]},"10":{"type":"branch","line":44,"loc":{"start":{"line":44,"column":27},"end":{"line":45,"column":12}},"locations":[{"start":{"line":44,"column":27},"end":{"line":45,"column":12}}]},"11":{"type":"branch","line":49,"loc":{"start":{"line":49,"column":4},"end":{"line":49,"column":30}},"locations":[{"start":{"line":49,"column":4},"end":{"line":49,"column":30}}]},"12":{"type":"branch","line":49,"loc":{"start":{"line":49,"column":17},"end":{"line":49,"column":52}},"locations":[{"start":{"line":49,"column":17},"end":{"line":49,"column":52}}]},"13":{"type":"branch","line":49,"loc":{"start":{"line":49,"column":30},"end":{"line":49,"column":75}},"locations":[{"start":{"line":49,"column":30},"end":{"line":49,"column":75}}]},"14":{"type":"branch","line":53,"loc":{"start":{"line":53,"column":0},"end":{"line":63,"column":1}},"locations":[{"start":{"line":53,"column":0},"end":{"line":63,"column":1}}]},"15":{"type":"branch","line":58,"loc":{"start":{"line":58,"column":27},"end":{"line":59,"column":30}},"locations":[{"start":{"line":58,"column":27},"end":{"line":59,"column":30}}]},"16":{"type":"branch","line":59,"loc":{"start":{"line":59,"column":23},"end":{"line":60,"column":44}},"locations":[{"start":{"line":59,"column":23},"end":{"line":60,"column":44}}]},"17":{"type":"branch","line":60,"loc":{"start":{"line":60,"column":37},"end":{"line":61,"column":50}},"locations":[{"start":{"line":60,"column":37},"end":{"line":61,"column":50}}]},"18":{"type":"branch","line":65,"loc":{"start":{"line":65,"column":0},"end":{"line":87,"column":1}},"locations":[{"start":{"line":65,"column":0},"end":{"line":87,"column":1}}]},"19":{"type":"branch","line":70,"loc":{"start":{"line":70,"column":23},"end":{"line":78,"column":3}},"locations":[{"start":{"line":70,"column":23},"end":{"line":78,"column":3}}]},"20":{"type":"branch","line":71,"loc":{"start":{"line":71,"column":32},"end":{"line":73,"column":15}},"locations":[{"start":{"line":71,"column":32},"end":{"line":73,"column":15}}]},"21":{"type":"branch","line":73,"loc":{"start":{"line":73,"column":4},"end":{"line":77,"column":5}},"locations":[{"start":{"line":73,"column":4},"end":{"line":77,"column":5}}]},"22":{"type":"branch","line":73,"loc":{"start":{"line":73,"column":34},"end":{"line":77,"column":5}},"locations":[{"start":{"line":73,"column":34},"end":{"line":77,"column":5}}]},"23":{"type":"branch","line":82,"loc":{"start":{"line":82,"column":2},"end":{"line":86,"column":3}},"locations":[{"start":{"line":82,"column":2},"end":{"line":86,"column":3}}]},"24":{"type":"branch","line":84,"loc":{"start":{"line":84,"column":29},"end":{"line":84,"column":57}},"locations":[{"start":{"line":84,"column":29},"end":{"line":84,"column":57}}]},"25":{"type":"branch","line":84,"loc":{"start":{"line":84,"column":57},"end":{"line":84,"column":79}},"locations":[{"start":{"line":84,"column":57},"end":{"line":84,"column":79}}]},"26":{"type":"branch","line":89,"loc":{"start":{"line":89,"column":0},"end":{"line":95,"column":1}},"locations":[{"start":{"line":89,"column":0},"end":{"line":95,"column":1}}]},"27":{"type":"branch","line":90,"loc":{"start":{"line":90,"column":23},"end":{"line":90,"column":56}},"locations":[{"start":{"line":90,"column":23},"end":{"line":90,"column":56}}]},"28":{"type":"branch","line":90,"loc":{"start":{"line":90,"column":50},"end":{"line":90,"column":79}},"locations":[{"start":{"line":90,"column":50},"end":{"line":90,"column":79}}]},"29":{"type":"branch","line":92,"loc":{"start":{"line":92,"column":2},"end":{"line":94,"column":3}},"locations":[{"start":{"line":92,"column":2},"end":{"line":94,"column":3}}]},"30":{"type":"branch","line":93,"loc":{"start":{"line":93,"column":25},"end":{"line":93,"column":42}},"locations":[{"start":{"line":93,"column":25},"end":{"line":93,"column":42}}]},"31":{"type":"branch","line":98,"loc":{"start":{"line":98,"column":0},"end":{"line":107,"column":1}},"locations":[{"start":{"line":98,"column":0},"end":{"line":107,"column":1}}]},"32":{"type":"branch","line":104,"loc":{"start":{"line":104,"column":24},"end":{"line":104,"column":57}},"locations":[{"start":{"line":104,"column":24},"end":{"line":104,"column":57}}]},"33":{"type":"branch","line":104,"loc":{"start":{"line":104,"column":48},"end":{"line":105,"column":33}},"locations":[{"start":{"line":104,"column":48},"end":{"line":105,"column":33}}]},"34":{"type":"branch","line":105,"loc":{"start":{"line":105,"column":27},"end":{"line":106,"column":11}},"locations":[{"start":{"line":105,"column":27},"end":{"line":106,"column":11}}]}},"b":{"0":[22],"1":[17],"2":[14],"3":[8],"4":[17],"5":[0],"6":[13],"7":[4],"8":[14],"9":[3],"10":[0],"11":[15],"12":[14],"13":[14],"14":[22],"15":[20],"16":[20],"17":[20],"18":[22],"19":[21],"20":[3],"21":[18],"22":[0],"23":[18],"24":[0],"25":[6],"26":[36],"27":[21],"28":[34],"29":[36],"30":[34],"31":[37],"32":[18],"33":[18],"34":[19]},"fnMap":{"0":{"name":"decimalInput","decl":{"start":{"line":18,"column":0},"end":{"line":31,"column":1}},"loc":{"start":{"line":18,"column":0},"end":{"line":31,"column":1}},"line":18},"1":{"name":"validateFloat","decl":{"start":{"line":33,"column":0},"end":{"line":51,"column":1}},"loc":{"start":{"line":33,"column":0},"end":{"line":51,"column":1}},"line":33},"2":{"name":"validateInput","decl":{"start":{"line":53,"column":0},"end":{"line":63,"column":1}},"loc":{"start":{"line":53,"column":0},"end":{"line":63,"column":1}},"line":53},"3":{"name":"parseInput","decl":{"start":{"line":65,"column":0},"end":{"line":87,"column":1}},"loc":{"start":{"line":65,"column":0},"end":{"line":87,"column":1}},"line":65},"4":{"name":"hasLeadingZeros","decl":{"start":{"line":82,"column":2},"end":{"line":86,"column":3}},"loc":{"start":{"line":82,"column":2},"end":{"line":86,"column":3}},"line":82},"5":{"name":"isSafeIntOrFloat","decl":{"start":{"line":89,"column":0},"end":{"line":95,"column":1}},"loc":{"start":{"line":89,"column":0},"end":{"line":95,"column":1}},"line":89},"6":{"name":"isFloat","decl":{"start":{"line":92,"column":2},"end":{"line":94,"column":3}},"loc":{"start":{"line":92,"column":2},"end":{"line":94,"column":3}},"line":92},"7":{"name":"isWithinDecimalPlaces","decl":{"start":{"line":98,"column":0},"end":{"line":107,"column":1}},"loc":{"start":{"line":98,"column":0},"end":{"line":107,"column":1}},"line":98}},"f":{"0":22,"1":17,"2":22,"3":22,"4":18,"5":36,"6":36,"7":37}}
}
